================================================================================

CL_PLATFORM_PROFILE             = FULL_PROFILE
CL_PLATFORM_VERSION             = OpenCL 2.1 LINUX
CL_PLATFORM_NAME                = Intel(R) CPU Runtime for OpenCL(TM) Applications
CL_PLATFORM_VENDOR              = Intel(R) Corporation
CL_PLATFORM_EXTENSIONS          = cl_khr_icd cl_khr_global_int32_base_atomics cl_khr_global_int32_extended_atomics cl_khr_local_int32_base_atomics cl_khr_local_int32_extended_atomics cl_khr_byte_addressable_store cl_khr_depth_images cl_khr_3d_image_writes cl_intel_exec_by_local_thread cl_khr_spir cl_khr_fp64 cl_khr_image2d_from_buffer cl_intel_vec_len_hint 

	CL_DEVICE_NAME                  = Intel(R) Core(TM) i7-8550U CPU @ 1.80GHz
	CL_DEVICE_ADDRESS_BITS          = 64
	CL_DEVICE_AVAILABLE             = 1
	CL_DEVICE_COMPILER_AVAILABLE    = 1
	CL_DEVICE_ENDIAN_LITTLE         = 1
	CL_DEVICE_ERROR_CORRECTION_SUPPORT= 0
	CL_DEVICE_EXECUTION_CAPABILITIES= 3 <---- represents a 2 bit bitfield; refer to docs to interpret
	CL_DEVICE_EXTENSIONS            = cl_khr_icd cl_khr_global_int32_base_atomics cl_khr_global_int32_extended_atomics cl_khr_local_int32_base_atomics cl_khr_local_int32_extended_atomics cl_khr_byte_addressable_store cl_khr_depth_images cl_khr_3d_image_writes cl_intel_exec_by_local_thread cl_khr_spir cl_khr_fp64 cl_khr_image2d_from_buffer cl_intel_vec_len_hint 
	CL_DEVICE_GLOBAL_MEM_CACHE_SIZE = 262144 Bytes
	CL_DEVICE_GLOBAL_MEM_CACHE_TYPE = 2 <---- possible values are 0, 1, 2; refer to docs to interpret
	CL_DEVICE_GLOBAL_MEM_CACHELINE_SIZE= 64
	CL_DEVICE_GLOBAL_MEM_SIZE       = 3811467264 Bytes
	CL_DEVICE_DOUBLE_FP_CONFIG      = 63 <---- represents a 6 bit bitfield; refer to docs to interpret
	CL_DEVICE_SINGLE_FP_CONFIG      = 7 <---- represents a 6 bit bitfield; refer to docs to interpret
	CL_DEVICE_HALF_FP_CONFIG        = 7 <---- represents a 6 bit bitfield; refer to docs to interpret
	CL_DEVICE_ERROR_CORRECTION_SUPPORT= 1
	CL_DEVICE_IMAGE2D_MAX_HEIGHT    = 16384
	CL_DEVICE_IMAGE2D_MAX_WIDTH     = 16384
	CL_DEVICE_IMAGE3D_MAX_DEPTH     = 2048
	CL_DEVICE_IMAGE3D_MAX_HEIGHT    = 2048
	CL_DEVICE_IMAGE3D_MAX_WIDTH     = 2048
	CL_DEVICE_LOCAL_MEM_SIZE        = 32768 Bytes
	cl_device_local_mem_type        = 2 <---- possible values are 0 (global) or 1 (local); refer to docs to interpret
	CL_DEVICE_MAX_CLOCK_FREQUENCY   = 1800 MHz
	CL_DEVICE_MAX_COMPUTE_UNITS     = 8
	CL_DEVICE_MAX_CONSTANT_ARGS     = 480
	CL_DEVICE_MAX_CONSTANT_BUFFER_SIZE= 131072 Bytes
	CL_DEVICE_MAX_MEM_ALLOC_SIZE    = 4174092288 Bytes
	CL_DEVICE_MAX_PARAMETER_SIZE    = 3840 Bytes
	CL_DEVICE_MAX_READ_IMAGE_ARGS   = 480
	CL_DEVICE_MAX_SAMPLERS          = 480
	CL_DEVICE_MAX_WORK_GROUP_SIZE   = 8192
	CL_DEVICE_MAX_WORK_ITEM_DIMENSIONS= 3
	CL_DEVICE_MAX_WORK_ITEM_SIZES   = (8192, 8192, 8192)
	CL_DEVICE_MAX_WRITE_IMAGE_ARGS  = 480
	CL_DEVICE_MEM_BASE_ADDR_ALIGN   = 1024 bits
	CL_DEVICE_MIN_DATA_TYPE_ALIGN_SIZE= 128 Bytes
	CL_DEVICE_NAME                  = Intel(R) Core(TM) i7-8550U CPU @ 1.80GHz
	CL_DEVICE_PREFERRED_VECTOR_WIDTH_CHAR= 1
	CL_DEVICE_PREFERRED_VECTOR_WIDTH_SHORT= 1
	CL_DEVICE_PREFERRED_VECTOR_WIDTH_INT= 1
	CL_DEVICE_PREFERRED_VECTOR_WIDTH_LONG= 1
	CL_DEVICE_PREFERRED_VECTOR_WIDTH_FLOAT= 1
	CL_DEVICE_PREFERRED_VECTOR_WIDTH_DOUBLE= 1
	CL_DEVICE_PROFILE               = FULL_PROFILE
	CL_DEVICE_PROFILING_TIMER_RESOLUTION= 1 ns
	CL_DEVICE_QUEUE_PROPERTIES      = 3 <---- represents a 2 bit bitfield; refer to docs to interpret
	CL_DEVICE_TYPE                  = 0x2 <---- {0, 1, 2, 3, 4} are possible vals; refer to docs to interpret
	CL_DEVICE_VENDOR_ID             = 32902
	CL_DEVICE_VERSION               = OpenCL 2.1 (Build 0)
	CL_DRIVER_VERSION               = 18.1.0.0920

================================================================================

================================================================================

CL_PLATFORM_PROFILE             = FULL_PROFILE
CL_PLATFORM_VERSION             = OpenCL 2.1 
CL_PLATFORM_NAME                = Intel(R) OpenCL HD Graphics
CL_PLATFORM_VENDOR              = Intel(R) Corporation
CL_PLATFORM_EXTENSIONS          = cl_khr_3d_image_writes cl_khr_byte_addressable_store cl_khr_fp16 cl_khr_depth_images cl_khr_global_int32_base_atomics cl_khr_global_int32_extended_atomics cl_khr_icd cl_khr_image2d_from_buffer cl_khr_local_int32_base_atomics cl_khr_local_int32_extended_atomics cl_intel_subgroups cl_intel_required_subgroup_size cl_intel_subgroups_short cl_khr_spir cl_intel_accelerator cl_intel_media_block_io cl_intel_driver_diagnostics cl_intel_device_side_avc_motion_estimation cl_khr_priority_hints cl_khr_throttle_hints cl_khr_create_command_queue cl_khr_fp64 cl_khr_subgroups cl_khr_il_program cl_intel_spirv_device_side_avc_motion_estimation cl_intel_spirv_media_block_io cl_intel_spirv_subgroups cl_khr_spirv_no_integer_wrap_decoration cl_khr_mipmap_image cl_khr_mipmap_image_writes cl_intel_planar_yuv cl_intel_packed_yuv cl_intel_motion_estimation cl_intel_advanced_motion_estimation 

	CL_DEVICE_NAME                  = Intel(R) Gen9 HD Graphics NEO
	CL_DEVICE_ADDRESS_BITS          = 64
	CL_DEVICE_AVAILABLE             = 1
	CL_DEVICE_COMPILER_AVAILABLE    = 1
	CL_DEVICE_ENDIAN_LITTLE         = 1
	CL_DEVICE_ERROR_CORRECTION_SUPPORT= 0
	CL_DEVICE_EXECUTION_CAPABILITIES= 1 <---- represents a 2 bit bitfield; refer to docs to interpret
	CL_DEVICE_EXTENSIONS            = cl_khr_3d_image_writes cl_khr_byte_addressable_store cl_khr_fp16 cl_khr_depth_images cl_khr_global_int32_base_atomics cl_khr_global_int32_extended_atomics cl_khr_icd cl_khr_image2d_from_buffer cl_khr_local_int32_base_atomics cl_khr_local_int32_extended_atomics cl_intel_subgroups cl_intel_required_subgroup_size cl_intel_subgroups_short cl_khr_spir cl_intel_accelerator cl_intel_media_block_io cl_intel_driver_diagnostics cl_intel_device_side_avc_motion_estimation cl_khr_priority_hints cl_khr_throttle_hints cl_khr_create_command_queue cl_khr_fp64 cl_khr_subgroups cl_khr_il_program cl_intel_spirv_device_side_avc_motion_estimation cl_intel_spirv_media_block_io cl_intel_spirv_subgroups cl_khr_spirv_no_integer_wrap_decoration cl_khr_mipmap_image cl_khr_mipmap_image_writes cl_intel_planar_yuv cl_intel_packed_yuv cl_intel_motion_estimation cl_intel_advanced_motion_estimation 
	CL_DEVICE_GLOBAL_MEM_CACHE_SIZE = 524288 Bytes
	CL_DEVICE_GLOBAL_MEM_CACHE_TYPE = 2 <---- possible values are 0, 1, 2; refer to docs to interpret
	CL_DEVICE_GLOBAL_MEM_CACHELINE_SIZE= 64
	CL_DEVICE_GLOBAL_MEM_SIZE       = 472190976 Bytes
	CL_DEVICE_DOUBLE_FP_CONFIG      = 63 <---- represents a 6 bit bitfield; refer to docs to interpret
	CL_DEVICE_SINGLE_FP_CONFIG      = 191 <---- represents a 6 bit bitfield; refer to docs to interpret
	CL_DEVICE_HALF_FP_CONFIG        = 63 <---- represents a 6 bit bitfield; refer to docs to interpret
	CL_DEVICE_ERROR_CORRECTION_SUPPORT= 1
	CL_DEVICE_IMAGE2D_MAX_HEIGHT    = 16384
	CL_DEVICE_IMAGE2D_MAX_WIDTH     = 16384
	CL_DEVICE_IMAGE3D_MAX_DEPTH     = 2048
	CL_DEVICE_IMAGE3D_MAX_HEIGHT    = 16384
	CL_DEVICE_IMAGE3D_MAX_WIDTH     = 16384
	CL_DEVICE_LOCAL_MEM_SIZE        = 65536 Bytes
	cl_device_local_mem_type        = 1 <---- possible values are 0 (global) or 1 (local); refer to docs to interpret
	CL_DEVICE_MAX_CLOCK_FREQUENCY   = 1150 MHz
	CL_DEVICE_MAX_COMPUTE_UNITS     = 24
	CL_DEVICE_MAX_CONSTANT_ARGS     = 8
	CL_DEVICE_MAX_CONSTANT_BUFFER_SIZE= 4294959104 Bytes
	CL_DEVICE_MAX_MEM_ALLOC_SIZE    = 4294959104 Bytes
	CL_DEVICE_MAX_PARAMETER_SIZE    = 1024 Bytes
	CL_DEVICE_MAX_READ_IMAGE_ARGS   = 128
	CL_DEVICE_MAX_SAMPLERS          = 16
	CL_DEVICE_MAX_WORK_GROUP_SIZE   = 256
	CL_DEVICE_MAX_WORK_ITEM_DIMENSIONS= 3
	CL_DEVICE_MAX_WORK_ITEM_SIZES   = (256, 256, 256)
	CL_DEVICE_MAX_WRITE_IMAGE_ARGS  = 128
	CL_DEVICE_MEM_BASE_ADDR_ALIGN   = 1024 bits
	CL_DEVICE_MIN_DATA_TYPE_ALIGN_SIZE= 128 Bytes
	CL_DEVICE_NAME                  = Intel(R) Gen9 HD Graphics NEO
	CL_DEVICE_PREFERRED_VECTOR_WIDTH_CHAR= 16
	CL_DEVICE_PREFERRED_VECTOR_WIDTH_SHORT= 8
	CL_DEVICE_PREFERRED_VECTOR_WIDTH_INT= 4
	CL_DEVICE_PREFERRED_VECTOR_WIDTH_LONG= 1
	CL_DEVICE_PREFERRED_VECTOR_WIDTH_FLOAT= 1
	CL_DEVICE_PREFERRED_VECTOR_WIDTH_DOUBLE= 1
	CL_DEVICE_PROFILE               = FULL_PROFILE
	CL_DEVICE_PROFILING_TIMER_RESOLUTION= 83 ns
	CL_DEVICE_QUEUE_PROPERTIES      = 3 <---- represents a 2 bit bitfield; refer to docs to interpret
	CL_DEVICE_TYPE                  = 0x4 <---- {0, 1, 2, 3, 4} are possible vals; refer to docs to interpret
	CL_DEVICE_VENDOR_ID             = 32902
	CL_DEVICE_VERSION               = OpenCL 2.1 NEO 
	CL_DRIVER_VERSION               = 19.15.12831

================================================================================

num_platforms = 2
Successfully enumerated 2 platforms.
Platform 0 has 1 supported devices
Platform 1 has 1 supported devices
Platform 0

	Device[0][0]

Platform 1

	Device[1][0]

